A D/AGC////
A D/AllGuard////
A D/AllSrvUI////
A D/AutoUpdate////
A D/Club////
A D/FedSrv////
A D/Igc////
A D/Inc////
A D/Lang////
A D/MSRGuard////
A D/Reloader////
A D/Setup////
A D/SrvHost////
A D/SymGuard////
A D/WinTrek////
A D/Zone////
A D/_Utility////
A D/bin////
A D/build////
A D/cadet////
A D/cliconfig////
A D/clintlib////
A D/cvh////
A D/database////
A D/databasepcg////
A D/dreamcast////
A D/drones////
A D/edit////
A D/effect////
A D/engine////
A D/engineapp////
A D/engineapptemplate////
A D/fedperf////
A D/fedsrvdll////
A D/fltc////
A D/fsmon////
A D/guids////
A D/jpeg////
A D/lobby////
A D/mdl////
A D/mdlc////
A D/mdledit////
A D/me////
A D/mesh2pl////
A D/offline////
A D/patch////
A D/qh2mesh////
A D/qhull////
A D/sentinal////
A D/shadowswitcher////
A D/sharemem////
A D/soundengine////
A D/soundtest////
A D/srvconfig////
A D/techtree////
A D/test////
A D/training////
A D/xmunge////
A D/zlib////
A D/Artwork////
